Arguments: 
  /usr/local/bin/node /usr/local/bin/yarn remove parcel-bundler

PATH: 
  /usr/local/bin:/usr/bin:/bin:/usr/sbin:/sbin

Yarn version: 
  1.22.10

Node version: 
  16.13.2

Platform: 
  darwin x64

Trace: 
  SyntaxError: /Users/krzysztofgonciarz/Sites/gonz-codes/package.json: Unexpected token } in JSON at position 354
      at JSON.parse (<anonymous>)
      at /usr/local/lib/node_modules/yarn/lib/cli.js:1625:59
      at Generator.next (<anonymous>)
      at step (/usr/local/lib/node_modules/yarn/lib/cli.js:310:30)
      at /usr/local/lib/node_modules/yarn/lib/cli.js:321:13

npm manifest: 
  {
    "name": "gonz-codes",
    "version": "1.0.0",
    "description": "Portfolio of Gonz, Web Developer",
    "repository": "git@github.com:gonciarzkrzysztof/gonz-codes.git",
    "author": "Krzysztof Gonciarz <gonciarz.krzysztof@gmail.com>",
    "license": "MIT",
    "source": "src/index.html",
    "scripts": {
      "start": "parcel",
      "build": "parcel build"
    },
  }

yarn manifest: 
  No manifest

Lockfile: 
  # THIS IS AN AUTOGENERATED FILE. DO NOT EDIT THIS FILE DIRECTLY.
  # yarn lockfile v1
